c:\users\a11\desktop\github\kimjaeyeop\제출\네트워크3_catchmind_client\catchmind_client\x64\debug\vc141.pdb
c:\users\a11\desktop\github\kimjaeyeop\제출\네트워크3_catchmind_client\catchmind_client\x64\debug\vc141.idb
c:\users\a11\desktop\github\kimjaeyeop\제출\네트워크3_catchmind_client\catchmind_client\x64\debug\winmain.obj
c:\users\a11\desktop\github\kimjaeyeop\제출\네트워크3_catchmind_client\catchmind_client\x64\debug\gamemanager.obj
c:\users\a11\desktop\github\kimjaeyeop\제출\네트워크3_catchmind_client\catchmind_client\x64\debug\bitmap.obj
c:\users\a11\desktop\github\kimjaeyeop\제출\네트워크3_catchmind_client\catchmind_client\x64\debug\catchmind_client.res
c:\users\a11\desktop\github\kimjaeyeop\제출\네트워크3_catchmind_client\x64\debug\catchmind_client.pdb
c:\users\a11\desktop\github\kimjaeyeop\제출\네트워크3_catchmind_client\catchmind_client\x64\debug\catchmind_client.tlog\cl.command.1.tlog
c:\users\a11\desktop\github\kimjaeyeop\제출\네트워크3_catchmind_client\catchmind_client\x64\debug\catchmind_client.tlog\cl.read.1.tlog
c:\users\a11\desktop\github\kimjaeyeop\제출\네트워크3_catchmind_client\catchmind_client\x64\debug\catchmind_client.tlog\cl.write.1.tlog
c:\users\a11\desktop\github\kimjaeyeop\제출\네트워크3_catchmind_client\catchmind_client\x64\debug\catchmind_client.tlog\link-cvtres.read.1.tlog
c:\users\a11\desktop\github\kimjaeyeop\제출\네트워크3_catchmind_client\catchmind_client\x64\debug\catchmind_client.tlog\link-cvtres.write.1.tlog
c:\users\a11\desktop\github\kimjaeyeop\제출\네트워크3_catchmind_client\catchmind_client\x64\debug\catchmind_client.tlog\link-rc.read.1.tlog
c:\users\a11\desktop\github\kimjaeyeop\제출\네트워크3_catchmind_client\catchmind_client\x64\debug\catchmind_client.tlog\link-rc.write.1.tlog
c:\users\a11\desktop\github\kimjaeyeop\제출\네트워크3_catchmind_client\catchmind_client\x64\debug\catchmind_client.tlog\link.command.1.tlog
c:\users\a11\desktop\github\kimjaeyeop\제출\네트워크3_catchmind_client\catchmind_client\x64\debug\catchmind_client.tlog\link.read.1.tlog
c:\users\a11\desktop\github\kimjaeyeop\제출\네트워크3_catchmind_client\catchmind_client\x64\debug\catchmind_client.tlog\link.write.1.tlog
c:\users\a11\desktop\github\kimjaeyeop\제출\네트워크3_catchmind_client\catchmind_client\x64\debug\catchmind_client.tlog\rc.command.1.tlog
c:\users\a11\desktop\github\kimjaeyeop\제출\네트워크3_catchmind_client\catchmind_client\x64\debug\catchmind_client.tlog\rc.read.1.tlog
c:\users\a11\desktop\github\kimjaeyeop\제출\네트워크3_catchmind_client\catchmind_client\x64\debug\catchmind_client.tlog\rc.write.1.tlog
