c:\users\jy\source\repos\modugame\lib\debug\lib.pdb
c:\users\jy\source\repos\modugame\lib\debug\lib.idb
c:\users\jy\source\repos\modugame\lib\debug\uiobject.obj
c:\users\jy\source\repos\modugame\lib\debug\uimanager.obj
c:\users\jy\source\repos\modugame\lib\debug\timemanager.obj
c:\users\jy\source\repos\modugame\lib\debug\scenemanager.obj
c:\users\jy\source\repos\modugame\lib\debug\scene.obj
c:\users\jy\source\repos\modugame\lib\debug\resoucesmanager.obj
c:\users\jy\source\repos\modugame\lib\debug\point.obj
c:\users\jy\source\repos\modugame\lib\debug\label.obj
c:\users\jy\source\repos\modugame\lib\debug\inputmanager.obj
c:\users\jy\source\repos\modugame\lib\debug\enginemain.obj
c:\users\jy\source\repos\modugame\lib\debug\button.obj
c:\users\jy\source\repos\modugame\lib\debug\bitmap.obj
c:\users\jy\source\repos\modugame\debug\lib.lib
c:\users\jy\source\repos\modugame\debug\lib.pdb
c:\users\jy\source\repos\modugame\lib\debug\lib.tlog\cl.command.1.tlog
c:\users\jy\source\repos\modugame\lib\debug\lib.tlog\cl.read.1.tlog
c:\users\jy\source\repos\modugame\lib\debug\lib.tlog\cl.write.1.tlog
c:\users\jy\source\repos\modugame\lib\debug\lib.tlog\lib-link.read.1.tlog
c:\users\jy\source\repos\modugame\lib\debug\lib.tlog\lib-link.write.1.tlog
c:\users\jy\source\repos\modugame\lib\debug\lib.tlog\lib.command.1.tlog
